生成启动时间为 2015/6/11 23:47:53。
     1>项目“E:\Study\重磁数据处理软件系统开发\程序模块及系统\函数库及接口制作\重磁三维基本处理\重磁三维基本处理DLL\重磁三维基本处理DLL\重磁三维基本处理DLL.vcxproj”在节点 2 上(Build 个目标)。
     1>C:\Program Files (x86)\MSBuild\Microsoft.Cpp\v4.0\V120\Microsoft.CppBuild.targets(357,5): warning MSB8004: Output Directory does not end with a trailing slash.  This build instance will add the slash as it is required to allow proper evaluation of the Output Directory.
     1>ClCompile:
         D:\Program Files (x86)\Microsoft Visual Studio 12.0\VC\bin\CL.exe /c /I"E:\Study\重磁数据处理软件系统开发\程序模块及系统\include" /I"E:\Study\重磁数据处理软件系统开发\程序模块及系统\include\DLL用头文件" /Zi /nologo /W3 /WX- /O2 /Oi /Oy- /GL /D WIN32 /D NDEBUG /D _WINDOWS /D _USRDLL /D DLL_EXPORTS /D _WINDLL /D _MBCS /Gm- /EHsc /MT /GS /Gy /fp:precise /Zc:wchar_t /Zc:forScope /Fo"Release\\" /Fd"Release\vc120.pdb" /Gd /TP /analyze- /errorReport:prompt GM3DProcess.cpp
         GM3DProcess.cpp
     1>D:\Program Files (x86)\Microsoft Visual Studio 12.0\VC\atlmfc\include\afx.h(38): warning C4996: 'MBCS_Support_Deprecated_In_MFC': MBCS support in MFC is deprecated and may be removed in a future version of MFC.
                 D:\Program Files (x86)\Microsoft Visual Studio 12.0\VC\atlmfc\include\afx.h(33) : 参见“MBCS_Support_Deprecated_In_MFC”的声明
         _WIN32_WINNT not defined. Defaulting to _WIN32_WINNT_MAXVER (see WinSDKVer.h)
     1>E:\Study\重磁数据处理软件系统开发\程序模块及系统\include\GMDPS_proj.h(112): warning C4244: “return”: 从“double”转换到“int”，可能丢失数据
       Link:
         D:\Program Files (x86)\Microsoft Visual Studio 12.0\VC\bin\link.exe /ERRORREPORT:PROMPT /OUT:"E:\Study\重磁数据处理软件系统开发\程序模块及系统\函数库及接口制作\Dll目录\release\重磁三维基本处理DLL.dll" /INCREMENTAL:NO /NOLOGO /LIBPATH:"E:\Study\重磁数据处理软件系统开发\程序模块及系统\函数库及接口制作\Dll目录\release" uafxcwd.lib LIBCMTD.lib "libfftw3-3.lib" kernel32.lib user32.lib gdi32.lib winspool.lib comdlg32.lib advapi32.lib shell32.lib ole32.lib oleaut32.lib uuid.lib odbc32.lib odbccp32.lib /NODEFAULTLIB:libcmt.lib /MANIFEST /MANIFESTUAC:"level='asInvoker' uiAccess='false'" /manifest:embed /DEBUG /PDB:"E:\Study\重磁数据处理软件系统开发\程序模块及系统\函数库及接口制作\Dll目录\release\重磁三维基本处理DLL.pdb" /SUBSYSTEM:WINDOWS /OPT:REF /OPT:ICF /LTCG /TLBID:1 /DYNAMICBASE /NXCOMPAT /IMPLIB:"E:\Study\重磁数据处理软件系统开发\程序模块及系统\函数库及接口制作\Dll目录\release\重磁三维基本处理DLL.lib" /MACHINE:X86 /SAFESEH /DLL Release\FFTN.obj
         Release\GMDPS_proj.obj
         Release\GMFile.obj
         Release\GM3DProcess.obj
            正在创建库 E:\Study\重磁数据处理软件系统开发\程序模块及系统\函数库及接口制作\Dll目录\release\重磁三维基本处理DLL.lib 和对象 E:\Study\重磁数据处理软件系统开发\程序模块及系统\函数库及接口制作\Dll目录\release\重磁三维基本处理DLL.exp
     1>LINK : warning LNK4232: 名称 重磁三维基本处理DLL.dll 包含非 ASCII 字符，在具有除 936 以外的 ANSI 代码页的系统上可能不能加载 DLL
     1>LINK : warning LNK4098: 默认库“nafxcw.lib”与其他库的使用冲突；请使用 /NODEFAULTLIB:library
         正在生成代码
         已完成代码的生成
         重磁三维基本处理DLL.vcxproj -> E:\Study\重磁数据处理软件系统开发\程序模块及系统\函数库及接口制作\Dll目录\release\重磁三维基本处理DLL.dll
     1>已完成生成项目“E:\Study\重磁数据处理软件系统开发\程序模块及系统\函数库及接口制作\重磁三维基本处理\重磁三维基本处理DLL\重磁三维基本处理DLL\重磁三维基本处理DLL.vcxproj”(Build 个目标)的操作。

生成成功。

已用时间 00:00:03.87
