h:\study\重磁数据处理软件系统开发\程序模块及系统\函数库及接口制作\重磁三维正演\重磁三维正演dll\测试dll\release\vc140.pdb
h:\study\重磁数据处理软件系统开发\程序模块及系统\函数库及接口制作\重磁三维正演\重磁三维正演dll\测试dll\release\testdll.obj
h:\study\重磁数据处理软件系统开发\程序模块及系统\函数库及接口制作\重磁三维正演\重磁三维正演dll\测试dll\release\gmfile.obj
h:\study\重磁数据处理软件系统开发\程序模块及系统\函数库及接口制作\重磁三维正演\重磁三维正演dll\测试dll\release\gmdps_proj.obj
h:\study\重磁数据处理软件系统开发\程序模块及系统\函数库及接口制作\重磁三维正演\重磁三维正演dll\测试dll\release\fftn.obj
h:\study\重磁数据处理软件系统开发\程序模块及系统\函数库及接口制作\dll目录\release\测试dll.exe
h:\study\重磁数据处理软件系统开发\程序模块及系统\函数库及接口制作\dll目录\release\测试dll.ipdb
h:\study\重磁数据处理软件系统开发\程序模块及系统\函数库及接口制作\dll目录\release\测试dll.iobj
h:\study\重磁数据处理软件系统开发\程序模块及系统\函数库及接口制作\dll目录\release\测试dll.pdb
f:\study\重磁数据处理软件系统开发\程序模块及系统\函数库及接口制作\重磁三维正演\重磁三维正演dll\测试dll\release\fftn.obj
f:\study\重磁数据处理软件系统开发\程序模块及系统\函数库及接口制作\重磁三维正演\重磁三维正演dll\测试dll\release\gmdps_proj.obj
f:\study\重磁数据处理软件系统开发\程序模块及系统\函数库及接口制作\重磁三维正演\重磁三维正演dll\测试dll\release\gmfile.obj
f:\study\重磁数据处理软件系统开发\程序模块及系统\函数库及接口制作\重磁三维正演\重磁三维正演dll\测试dll\release\testdll.obj
f:\study\重磁数据处理软件系统开发\程序模块及系统\函数库及接口制作\重磁三维正演\重磁三维正演dll\测试dll\release\vc120.pdb
f:\study\重磁数据处理软件系统开发\程序模块及系统\函数库及接口制作\重磁三维正演\重磁三维正演dll\测试dll\release\vc140.pdb
f:\study\重磁数据处理软件系统开发\程序模块及系统\函数库及接口制作\重磁三维正演\重磁三维正演dll\测试dll\..\..\..\dll目录\release\测试dll.exe
f:\study\重磁数据处理软件系统开发\程序模块及系统\函数库及接口制作\重磁三维正演\重磁三维正演dll\测试dll\release\测试dll.tlog\cl.command.1.tlog
f:\study\重磁数据处理软件系统开发\程序模块及系统\函数库及接口制作\重磁三维正演\重磁三维正演dll\测试dll\release\测试dll.tlog\cl.read.1.tlog
f:\study\重磁数据处理软件系统开发\程序模块及系统\函数库及接口制作\重磁三维正演\重磁三维正演dll\测试dll\release\测试dll.tlog\cl.write.1.tlog
f:\study\重磁数据处理软件系统开发\程序模块及系统\函数库及接口制作\重磁三维正演\重磁三维正演dll\测试dll\release\测试dll.tlog\link.command.1.tlog
f:\study\重磁数据处理软件系统开发\程序模块及系统\函数库及接口制作\重磁三维正演\重磁三维正演dll\测试dll\release\测试dll.tlog\link.read.1.tlog
f:\study\重磁数据处理软件系统开发\程序模块及系统\函数库及接口制作\重磁三维正演\重磁三维正演dll\测试dll\release\测试dll.tlog\link.write.1.tlog
