生成启动时间为 2015/6/3 13:20:59。
     1>项目“E:\Study\重磁数据处理软件系统开发\程序模块及系统\函数库及接口制作\重磁三维正演\重磁三维正演DLL\重磁三维正演DLL\重磁三维正演DLL.vcxproj”在节点 2 上(Build 个目标)。
     1>C:\Program Files (x86)\MSBuild\Microsoft.Cpp\v4.0\V120\Microsoft.CppBuild.targets(357,5): warning MSB8004: Output Directory does not end with a trailing slash.  This build instance will add the slash as it is required to allow proper evaluation of the Output Directory.
     1>ClCompile:
         D:\Program Files (x86)\Microsoft Visual Studio 12.0\VC\bin\CL.exe /c /ID:\VTK6.0.0\VTK\Filters\Sources /ID:\VTK6.0.0\VTK\Rendering\Core /ID:\VTK6.0.0\bin\Filters\Sources /ID:\VTK6.0.0\VTK\Common\ExecutionModel /ID:\VTK6.0.0\bin\Common\ExecutionModel /ID:\VTK6.0.0\VTK\Common\Core /ID:\VTK6.0.0\bin\Common\Core /ID:\VTK6.0.0\VTK\Common\DataModel /ID:\VTK6.0.0\bin\Common\DataModel /ID:\VTK6.0.0\bin\Rendering\Core /ID:\VTK6.0.0\bin\Filters\Extraction /ID:\VTK6.0.0\bin\Filters\Statistics /ID:\VTK6.0.0\bin\IO\Image /ID:\VTK6.0.0\bin\Rendering\LOD /ID:\VTK6.0.0\VTK\Rendering\Annotation /ID:\VTK6.0.0\bin\Rendering\Annotation /ID:\VTK6.0.0\bin\Rendering\FreeType /ID:\VTK6.0.0\VTK\Filters\Core /ID:\VTK6.0.0\bin\Filters\Core /ID:\VTK6.0.0\VTK\Rendering\OpenGL /ID:\VTK6.0.0\VTK\Views\Context2D /ID:\VTK6.0.0\bin\Rendering\OpenGL /ID:\VTK6.0.0\VTK\Interaction\Style /ID:\VTK6.0.0\VTK\Filters\General /ID:\VTK6.0.0\bin\Imaging\Hybrid /ID:\VTK6.0.0\bin\Views\Context2D /ID:\VTK6.0.0\bin\Rendering\Context2D /ID:\VTK6.0.0\bin\Views\Core /ID:\VTK6.0.0\bin\Interaction\Widgets /ID:\VTK6.0.0\bin\Filters\Hybrid /ID:\VTK6.0.0\bin\Interaction\Style /ID:\VTK6.0.0\bin\Rendering\Volume /ID:\VTK6.0.0\VTK\Views\Core /ID:\VTK6.0.0\VTK\Common\Misc /ID:\VTK6.0.0\bin\Common\Misc /ID:\VTK6.0.0\bin\Filters\General /ID:\VTK6.0.0\VTK\Filters\Modeling /ID:\VTK6.0.0\VTK\Filters\Geometry /ID:\VTK6.0.0\bin\Filters\Modeling /ID:\VTK6.0.0\bin\Filters\Geometry /ID:\VTK6.0.0\bin\CMakeFiles /ID:\VTK6.0.0\VTK\IO\XML /ID:\VTK6.0.0\bin\IO\XML /ID:\VTK6.0.0\bin\IO\Geometry /ID:\VTK6.0.0\VTK\Rendering\Label /ID:\VTK6.0.0\bin\Rendering\Label /ID:\VTK6.0.0\VTK\Charts\Core /ID:\VTK6.0.0\bin\Charts\Core /ID:\VTK6.0.0\bin\Infovis\Core /ID:\VTK6.0.0\VTK\Rendering\Context2D /ID:\VTK6.0.0\VTK\Common\Math /ID:\VTK6.0.0\VTK\Rendering\FreeType /ID:\VTK6.0.0\VTK\Filters\Hybrid /ID:\VTK6.0.0\VTK\IO\Image /ID:\VTK6.0.0\VTK\IO\Legacy /ID:\VTK6.0.0\bin\IO\Legacy /ID:\VTK6.0.0\VTK\Filters\Parallel /ID:\VTK6.0.0\bin\Filters\Parallel /ID:\VTK6.0.0\VTK\IO\Geometry /ID:\VTK6.0.0\VTK\IO\Core /ID:\VTK6.0.0\bin\IO\Core /ID:\VTK6.0.0\VTK\Rendering\Volume /ID:\VTK6.0.0\VTK\Filters\HyperTree /ID:\VTK6.0.0\bin\Filters\HyperTree /ID:\VTK6.0.0\bin\Utilities\KWSys /ID:\VTK6.0.0\VTK\Rendering\LOD /I"E:\study\重磁数据处理软件系统开发\程序模块及系统\include" /I"E:\study\重磁数据处理软件系统开发\程序模块及系统\include\DLL用头文件" /ZI /nologo /W3 /WX- /Od /Oy- /D WIN32 /D _DEBUG /D _WINDOWS /D _USRDLL /D DLL_EXPORTS /D _WINDLL /D _MBCS /Gm /EHsc /RTC1 /MTd /GS /fp:precise /Zc:wchar_t /Zc:forScope /Fo"Debug\\" /Fd"Debug\vc120.pdb" /Gd /TP /analyze- /errorReport:prompt /D _CRT_SECURE_NO_WARNINGS ..\..\..\..\include\GMFile.cpp GM3DForward.cpp
         GM3DForward.cpp
     1>d:\program files (x86)\microsoft visual studio 12.0\vc\atlmfc\include\afx.h(38): warning C4996: 'MBCS_Support_Deprecated_In_MFC': MBCS support in MFC is deprecated and may be removed in a future version of MFC.
                 d:\program files (x86)\microsoft visual studio 12.0\vc\atlmfc\include\afx.h(33) : 参见“MBCS_Support_Deprecated_In_MFC”的声明
         _WIN32_WINNT not defined. Defaulting to _WIN32_WINNT_MAXVER (see WinSDKVer.h)
     1>e:\study\重磁数据处理软件系统开发\程序模块及系统\include\gmdps_proj.h(76): warning C4244: “return”: 从“double”转换到“int”，可能丢失数据
         正在生成代码...
         正在编译...
         GMFile.cpp
     1>d:\program files (x86)\microsoft visual studio 12.0\vc\atlmfc\include\afx.h(38): warning C4996: 'MBCS_Support_Deprecated_In_MFC': MBCS support in MFC is deprecated and may be removed in a future version of MFC.
                 d:\program files (x86)\microsoft visual studio 12.0\vc\atlmfc\include\afx.h(33) : 参见“MBCS_Support_Deprecated_In_MFC”的声明
         _WIN32_WINNT not defined. Defaulting to _WIN32_WINNT_MAXVER (see WinSDKVer.h)
     1>e:\study\重磁数据处理软件系统开发\程序模块及系统\include\gmdps_proj.h(76): warning C4244: “return”: 从“double”转换到“int”，可能丢失数据
         正在生成代码...
       Link:
         D:\Program Files (x86)\Microsoft Visual Studio 12.0\VC\bin\link.exe /ERRORREPORT:PROMPT /OUT:"E:\study\重磁数据处理软件系统开发\程序模块及系统\函数库及接口制作\Dll目录\重磁三维正演DLL.dll" /INCREMENTAL /NOLOGO /LIBPATH:"E:\Study\重磁数据处理软件系统开发\程序模块及系统\函数库及接口制作\Dll目录" uafxcwd.lib LIBCMTD.lib "libfftw3-3.lib" /NODEFAULTLIB:LIBCMTD.lib /NODEFAULTLIB:uafxcwd.lib /NODEFAULTLIB:uafxcwd.lib /MANIFEST /MANIFESTUAC:"level='asInvoker' uiAccess='false'" /manifest:embed /manifestinput:"D:\Program Files (x86)\Microsoft Visual Studio 12.0\VC\Include\Manifest\dpiaware.manifest" /DEBUG /PDB:"E:\study\重磁数据处理软件系统开发\程序模块及系统\函数库及接口制作\Dll目录\重磁三维正演DLL.pdb" /SUBSYSTEM:WINDOWS /TLBID:1 /DYNAMICBASE /NXCOMPAT /IMPLIB:"E:\study\重磁数据处理软件系统开发\程序模块及系统\函数库及接口制作\Dll目录\重磁三维正演DLL.lib" /MACHINE:X86 /DLL Debug\FFTN.obj
         Debug\GMDPS_proj.obj
         Debug\GMFile.obj
         Debug\GM3DForward.obj
         重磁三维正演DLL.vcxproj -> E:\study\重磁数据处理软件系统开发\程序模块及系统\函数库及接口制作\Dll目录\重磁三维正演DLL.dll
     1>已完成生成项目“E:\Study\重磁数据处理软件系统开发\程序模块及系统\函数库及接口制作\重磁三维正演\重磁三维正演DLL\重磁三维正演DLL\重磁三维正演DLL.vcxproj”(Build 个目标)的操作。

生成成功。

已用时间 00:00:02.24
