E:\学习\重磁数据处理软件系统开发\程序模块及系统\函数库及接口制作\重磁三维正演\重磁三维正演DLL\重磁三维正演DLL\DEBUG\GMDPS_PROJ.OBJ
E:\学习\重磁数据处理软件系统开发\程序模块及系统\函数库及接口制作\重磁三维正演\重磁三维正演DLL\重磁三维正演DLL\DEBUG\GMFILE.OBJ
E:\学习\重磁数据处理软件系统开发\程序模块及系统\函数库及接口制作\重磁三维正演\重磁三维正演DLL\重磁三维正演DLL\DEBUG\GM3DFORWARD.OBJ
E:\学习\重磁数据处理软件系统开发\程序模块及系统\函数库及接口制作\重磁三维正演\重磁三维正演DLL\重磁三维正演DLL\DEBUG\VC110.PDB
E:\学习\重磁数据处理软件系统开发\程序模块及系统\函数库及接口制作\重磁三维正演\重磁三维正演DLL\DEBUG\重磁三维正演DLL.ILK
E:\学习\重磁数据处理软件系统开发\程序模块及系统\函数库及接口制作\重磁三维正演\重磁三维正演DLL\DEBUG\重磁三维正演DLL.DLL
E:\学习\重磁数据处理软件系统开发\程序模块及系统\函数库及接口制作\重磁三维正演\重磁三维正演DLL\DEBUG\重磁三维正演DLL.PDB
E:\学习\重磁数据处理软件系统开发\程序模块及系统\函数库及接口制作\重磁三维正演\重磁三维正演DLL\Debug\重磁三维正演DLL.lib
E:\学习\重磁数据处理软件系统开发\程序模块及系统\函数库及接口制作\重磁三维正演\重磁三维正演DLL\Debug\重磁三维正演DLL.exp
E:\学习\重磁数据处理软件系统开发\程序模块及系统\函数库及接口制作\重磁三维正演\重磁三维正演DLL\重磁三维正演DLL\Debug\GM3DForward.obj
E:\学习\重磁数据处理软件系统开发\程序模块及系统\函数库及接口制作\重磁三维正演\重磁三维正演DLL\重磁三维正演DLL\Debug\GMDPS_proj.obj
E:\学习\重磁数据处理软件系统开发\程序模块及系统\函数库及接口制作\重磁三维正演\重磁三维正演DLL\重磁三维正演DLL\Debug\GMFile.obj
E:\学习\重磁数据处理软件系统开发\程序模块及系统\函数库及接口制作\重磁三维正演\重磁三维正演DLL\重磁三维正演DLL\Debug\cl.command.1.tlog
E:\学习\重磁数据处理软件系统开发\程序模块及系统\函数库及接口制作\重磁三维正演\重磁三维正演DLL\重磁三维正演DLL\Debug\CL.read.1.tlog
E:\学习\重磁数据处理软件系统开发\程序模块及系统\函数库及接口制作\重磁三维正演\重磁三维正演DLL\重磁三维正演DLL\Debug\CL.write.1.tlog
E:\学习\重磁数据处理软件系统开发\程序模块及系统\函数库及接口制作\重磁三维正演\重磁三维正演DLL\重磁三维正演DLL\Debug\link-cvtres.read.1.tlog
E:\学习\重磁数据处理软件系统开发\程序模块及系统\函数库及接口制作\重磁三维正演\重磁三维正演DLL\重磁三维正演DLL\Debug\link-cvtres.write.1.tlog
E:\学习\重磁数据处理软件系统开发\程序模块及系统\函数库及接口制作\重磁三维正演\重磁三维正演DLL\重磁三维正演DLL\Debug\link-mt.read.1.tlog
E:\学习\重磁数据处理软件系统开发\程序模块及系统\函数库及接口制作\重磁三维正演\重磁三维正演DLL\重磁三维正演DLL\Debug\link-mt.write.1.tlog
E:\学习\重磁数据处理软件系统开发\程序模块及系统\函数库及接口制作\重磁三维正演\重磁三维正演DLL\重磁三维正演DLL\Debug\link-rc.read.1.tlog
E:\学习\重磁数据处理软件系统开发\程序模块及系统\函数库及接口制作\重磁三维正演\重磁三维正演DLL\重磁三维正演DLL\Debug\link-rc.write.1.tlog
E:\学习\重磁数据处理软件系统开发\程序模块及系统\函数库及接口制作\重磁三维正演\重磁三维正演DLL\重磁三维正演DLL\Debug\link.5540-cvtres.read.1.tlog
E:\学习\重磁数据处理软件系统开发\程序模块及系统\函数库及接口制作\重磁三维正演\重磁三维正演DLL\重磁三维正演DLL\Debug\link.5540-cvtres.write.1.tlog
E:\学习\重磁数据处理软件系统开发\程序模块及系统\函数库及接口制作\重磁三维正演\重磁三维正演DLL\重磁三维正演DLL\Debug\link.5540-mt.read.1.tlog
E:\学习\重磁数据处理软件系统开发\程序模块及系统\函数库及接口制作\重磁三维正演\重磁三维正演DLL\重磁三维正演DLL\Debug\link.5540-mt.write.1.tlog
E:\学习\重磁数据处理软件系统开发\程序模块及系统\函数库及接口制作\重磁三维正演\重磁三维正演DLL\重磁三维正演DLL\Debug\link.5540-rc.read.1.tlog
E:\学习\重磁数据处理软件系统开发\程序模块及系统\函数库及接口制作\重磁三维正演\重磁三维正演DLL\重磁三维正演DLL\Debug\link.5540-rc.write.1.tlog
E:\学习\重磁数据处理软件系统开发\程序模块及系统\函数库及接口制作\重磁三维正演\重磁三维正演DLL\重磁三维正演DLL\Debug\link.5540.read.1.tlog
E:\学习\重磁数据处理软件系统开发\程序模块及系统\函数库及接口制作\重磁三维正演\重磁三维正演DLL\重磁三维正演DLL\Debug\link.5540.write.1.tlog
E:\学习\重磁数据处理软件系统开发\程序模块及系统\函数库及接口制作\重磁三维正演\重磁三维正演DLL\重磁三维正演DLL\Debug\link.command.1.tlog
E:\学习\重磁数据处理软件系统开发\程序模块及系统\函数库及接口制作\重磁三维正演\重磁三维正演DLL\重磁三维正演DLL\Debug\link.read.1.tlog
E:\学习\重磁数据处理软件系统开发\程序模块及系统\函数库及接口制作\重磁三维正演\重磁三维正演DLL\重磁三维正演DLL\Debug\link.write.1.tlog
E:\学习\重磁数据处理软件系统开发\程序模块及系统\函数库及接口制作\重磁三维正演\重磁三维正演DLL\重磁三维正演DLL\Debug\重磁三维正演DLL.write.1.tlog
E:\学习\重磁数据处理软件系统开发\程序模块及系统\函数库及接口制作\重磁三维正演\重磁三维正演DLL\重磁三维正演DLL\Debug\vc110.idb
E:\学习\重磁数据处理软件系统开发\程序模块及系统\函数库及接口制作\重磁三维正演\重磁三维正演DLL\重磁三维正演DLL\Debug\vc110.pdb
E:\学习\重磁数据处理软件系统开发\程序模块及系统\函数库及接口制作\重磁三维正演\重磁三维正演DLL\Debug\重磁三维正演DLL.pdb
E:\学习\重磁数据处理软件系统开发\程序模块及系统\函数库及接口制作\重磁三维正演\重磁三维正演DLL\Debug\重磁三维正演DLL.dll
E:\学习\重磁数据处理软件系统开发\程序模块及系统\函数库及接口制作\重磁三维正演\重磁三维正演DLL\Debug\重磁三维正演DLL.ilk
