h:\study\重磁数据处理软件系统开发\程序模块及系统\函数库及接口制作\重磁三维正演\重磁三维正演dll\重磁三维正演dll\release\vc140.pdb
h:\study\重磁数据处理软件系统开发\程序模块及系统\函数库及接口制作\重磁三维正演\重磁三维正演dll\重磁三维正演dll\release\gm3dforward.obj
h:\study\重磁数据处理软件系统开发\程序模块及系统\函数库及接口制作\重磁三维正演\重磁三维正演dll\重磁三维正演dll\release\gmfile.obj
h:\study\重磁数据处理软件系统开发\程序模块及系统\函数库及接口制作\重磁三维正演\重磁三维正演dll\重磁三维正演dll\release\gmdps_proj.obj
h:\study\重磁数据处理软件系统开发\程序模块及系统\函数库及接口制作\重磁三维正演\重磁三维正演dll\重磁三维正演dll\release\fftn.obj
f:\study\重磁数据处理软件系统开发\程序模块及系统\函数库及接口制作\重磁三维正演\重磁三维正演dll\重磁三维正演dll\release\vc120.pdb
f:\study\重磁数据处理软件系统开发\程序模块及系统\函数库及接口制作\重磁三维正演\重磁三维正演dll\重磁三维正演dll\release\gmdps_proj.obj
f:\study\重磁数据处理软件系统开发\程序模块及系统\函数库及接口制作\重磁三维正演\重磁三维正演dll\重磁三维正演dll\release\gmfile.obj
h:\study\重磁数据处理软件系统开发\程序模块及系统\函数库及接口制作\dll目录\release\重磁三维正演dll.dll
h:\study\重磁数据处理软件系统开发\程序模块及系统\函数库及接口制作\dll目录\release\重磁三维正演dll.ipdb
h:\study\重磁数据处理软件系统开发\程序模块及系统\函数库及接口制作\dll目录\release\重磁三维正演dll.iobj
h:\study\重磁数据处理软件系统开发\程序模块及系统\函数库及接口制作\dll目录\release\重磁三维正演dll.pdb
e:\study\重磁数据处理软件系统开发\程序模块及系统\函数库及接口制作\dll目录\release\重磁三维正演dll.lib
e:\study\重磁数据处理软件系统开发\程序模块及系统\函数库及接口制作\dll目录\release\重磁三维正演dll.exp
h:\study\重磁数据处理软件系统开发\程序模块及系统\函数库及接口制作\dll目录\release\重磁三维正演dll.lib
h:\study\重磁数据处理软件系统开发\程序模块及系统\函数库及接口制作\dll目录\release\重磁三维正演dll.exp
f:\study\重磁数据处理软件系统开发\程序模块及系统\函数库及接口制作\重磁三维正演\重磁三维正演dll\重磁三维正演dll\release\fftn.obj
f:\study\重磁数据处理软件系统开发\程序模块及系统\函数库及接口制作\重磁三维正演\重磁三维正演dll\重磁三维正演dll\release\gm3dforward.obj
f:\study\重磁数据处理软件系统开发\程序模块及系统\函数库及接口制作\重磁三维正演\重磁三维正演dll\重磁三维正演dll\release\vc140.pdb
f:\study\重磁数据处理软件系统开发\程序模块及系统\函数库及接口制作\重磁三维正演\重磁三维正演dll\重磁三维正演dll\release\重磁三维正演dll.tlog\cl.command.1.tlog
f:\study\重磁数据处理软件系统开发\程序模块及系统\函数库及接口制作\重磁三维正演\重磁三维正演dll\重磁三维正演dll\release\重磁三维正演dll.tlog\cl.read.1.tlog
f:\study\重磁数据处理软件系统开发\程序模块及系统\函数库及接口制作\重磁三维正演\重磁三维正演dll\重磁三维正演dll\release\重磁三维正演dll.tlog\cl.write.1.tlog
f:\study\重磁数据处理软件系统开发\程序模块及系统\函数库及接口制作\重磁三维正演\重磁三维正演dll\重磁三维正演dll\release\重磁三维正演dll.tlog\link.command.1.tlog
f:\study\重磁数据处理软件系统开发\程序模块及系统\函数库及接口制作\重磁三维正演\重磁三维正演dll\重磁三维正演dll\release\重磁三维正演dll.tlog\link.read.1.tlog
f:\study\重磁数据处理软件系统开发\程序模块及系统\函数库及接口制作\重磁三维正演\重磁三维正演dll\重磁三维正演dll\release\重磁三维正演dll.tlog\link.write.1.tlog
f:\study\重磁数据处理软件系统开发\程序模块及系统\函数库及接口制作\重磁三维正演\重磁三维正演dll\重磁三维正演dll\release\重磁三维正演dll.tlog\重磁三维正演dll.write.1u.tlog
